nohup: ignoring input
 * Serving Flask app 'app'
 * Debug mode: on
WARNING: This is a development server. Do not use it in a production deployment. Use a production WSGI server instead.
 * Running on all addresses (0.0.0.0)
 * Running on http://127.0.0.1:80
 * Running on http://120.107.135.104:80
Press CTRL+C to quit
 * Restarting with stat
 * Debugger is active!
 * Debugger PIN: 786-244-598
36.227.128.171 - - [17/Sep/2024 16:53:07] "GET / HTTP/1.1" 200 -
36.227.128.171 - - [17/Sep/2024 16:53:37] "GET / HTTP/1.1" 200 -
36.227.128.171 - - [17/Sep/2024 16:53:39] "GET /edit HTTP/1.1" 200 -
36.227.128.171 - - [17/Sep/2024 17:13:09] "GET /edit HTTP/1.1" 200 -
36.227.128.171 - - [17/Sep/2024 17:13:12] "GET /display HTTP/1.1" 500 -
Traceback (most recent call last):
  File "/usr/local/lib/python3.10/dist-packages/pandas/compat/_optional.py", line 135, in import_optional_dependency
    module = importlib.import_module(name)
  File "/usr/lib/python3.10/importlib/__init__.py", line 126, in import_module
    return _bootstrap._gcd_import(name[level:], package, level)
  File "<frozen importlib._bootstrap>", line 1050, in _gcd_import
  File "<frozen importlib._bootstrap>", line 1027, in _find_and_load
  File "<frozen importlib._bootstrap>", line 1004, in _find_and_load_unlocked
ModuleNotFoundError: No module named 'openpyxl'

During handling of the above exception, another exception occurred:

Traceback (most recent call last):
  File "/usr/local/lib/python3.10/dist-packages/flask/app.py", line 1498, in __call__
    return self.wsgi_app(environ, start_response)
  File "/usr/local/lib/python3.10/dist-packages/flask/app.py", line 1476, in wsgi_app
    response = self.handle_exception(e)
  File "/usr/local/lib/python3.10/dist-packages/flask/app.py", line 1473, in wsgi_app
    response = self.full_dispatch_request()
  File "/usr/local/lib/python3.10/dist-packages/flask/app.py", line 882, in full_dispatch_request
    rv = self.handle_user_exception(e)
  File "/usr/local/lib/python3.10/dist-packages/flask/app.py", line 880, in full_dispatch_request
    rv = self.dispatch_request()
  File "/usr/local/lib/python3.10/dist-packages/flask/app.py", line 865, in dispatch_request
    return self.ensure_sync(self.view_functions[rule.endpoint])(**view_args)  # type: ignore[no-any-return]
  File "/home/hkvcadmin/combat/3s_hit_competition/app.py", line 127, in overview
    df = pd.read_excel(file_path)
  File "/usr/local/lib/python3.10/dist-packages/pandas/io/excel/_base.py", line 495, in read_excel
    io = ExcelFile(
  File "/usr/local/lib/python3.10/dist-packages/pandas/io/excel/_base.py", line 1567, in __init__
    self._reader = self._engines[engine](
  File "/usr/local/lib/python3.10/dist-packages/pandas/io/excel/_openpyxl.py", line 552, in __init__
    import_optional_dependency("openpyxl")
  File "/usr/local/lib/python3.10/dist-packages/pandas/compat/_optional.py", line 138, in import_optional_dependency
    raise ImportError(msg)
ImportError: Missing optional dependency 'openpyxl'.  Use pip or conda to install openpyxl.
36.227.128.171 - - [17/Sep/2024 17:13:12] "GET /display?__debugger__=yes&cmd=resource&f=debugger.js HTTP/1.1" 200 -
36.227.128.171 - - [17/Sep/2024 17:13:12] "GET /display?__debugger__=yes&cmd=resource&f=style.css HTTP/1.1" 200 -
36.227.128.171 - - [17/Sep/2024 17:13:12] "GET /display?__debugger__=yes&cmd=resource&f=console.png HTTP/1.1" 200 -
36.227.128.171 - - [17/Sep/2024 17:13:16] "GET /jscore HTTP/1.1" 200 -
36.227.128.171 - - [17/Sep/2024 17:13:16] "GET /static/kyc_judo_styles.css HTTP/1.1" 200 -
36.227.128.171 - - [17/Sep/2024 17:13:16] "GET /static/crown.png HTTP/1.1" 200 -
36.227.128.171 - - [17/Sep/2024 17:13:18] "GET /kycscore HTTP/1.1" 200 -
36.227.128.171 - - [17/Sep/2024 17:13:18] "GET /static/kyc_judo_styles.css HTTP/1.1" 304 -
36.227.128.171 - - [17/Sep/2024 17:13:18] "GET /static/crown.png HTTP/1.1" 304 -
36.227.128.171 - - [17/Sep/2024 17:13:27] "GET /wscore HTTP/1.1" 200 -
36.227.128.171 - - [17/Sep/2024 17:13:27] "GET /static/wrest_styles.css HTTP/1.1" 200 -
36.227.128.171 - - [17/Sep/2024 17:13:27] "GET /static/crown.png HTTP/1.1" 304 -
36.227.128.171 - - [17/Sep/2024 17:13:29] "GET /wscore HTTP/1.1" 200 -
36.227.128.171 - - [17/Sep/2024 17:13:30] "GET /static/wrest_styles.css HTTP/1.1" 304 -
36.227.128.171 - - [17/Sep/2024 17:13:30] "GET /static/crown.png HTTP/1.1" 304 -
36.227.128.171 - - [17/Sep/2024 17:13:33] "GET /jscore HTTP/1.1" 200 -
36.227.128.171 - - [17/Sep/2024 17:13:33] "GET /static/kyc_judo_styles.css HTTP/1.1" 304 -
36.227.128.171 - - [17/Sep/2024 17:13:33] "GET /static/crown.png HTTP/1.1" 304 -
36.227.128.171 - - [17/Sep/2024 17:13:34] "GET /display HTTP/1.1" 500 -
Traceback (most recent call last):
  File "/usr/local/lib/python3.10/dist-packages/pandas/compat/_optional.py", line 135, in import_optional_dependency
    module = importlib.import_module(name)
  File "/usr/lib/python3.10/importlib/__init__.py", line 126, in import_module
    return _bootstrap._gcd_import(name[level:], package, level)
  File "<frozen importlib._bootstrap>", line 1050, in _gcd_import
  File "<frozen importlib._bootstrap>", line 1027, in _find_and_load
  File "<frozen importlib._bootstrap>", line 1004, in _find_and_load_unlocked
ModuleNotFoundError: No module named 'openpyxl'

During handling of the above exception, another exception occurred:

Traceback (most recent call last):
  File "/usr/local/lib/python3.10/dist-packages/flask/app.py", line 1498, in __call__
    return self.wsgi_app(environ, start_response)
  File "/usr/local/lib/python3.10/dist-packages/flask/app.py", line 1476, in wsgi_app
    response = self.handle_exception(e)
  File "/usr/local/lib/python3.10/dist-packages/flask/app.py", line 1473, in wsgi_app
    response = self.full_dispatch_request()
  File "/usr/local/lib/python3.10/dist-packages/flask/app.py", line 882, in full_dispatch_request
    rv = self.handle_user_exception(e)
  File "/usr/local/lib/python3.10/dist-packages/flask/app.py", line 880, in full_dispatch_request
    rv = self.dispatch_request()
  File "/usr/local/lib/python3.10/dist-packages/flask/app.py", line 865, in dispatch_request
    return self.ensure_sync(self.view_functions[rule.endpoint])(**view_args)  # type: ignore[no-any-return]
  File "/home/hkvcadmin/combat/3s_hit_competition/app.py", line 127, in overview
    df = pd.read_excel(file_path)
  File "/usr/local/lib/python3.10/dist-packages/pandas/io/excel/_base.py", line 495, in read_excel
    io = ExcelFile(
  File "/usr/local/lib/python3.10/dist-packages/pandas/io/excel/_base.py", line 1567, in __init__
    self._reader = self._engines[engine](
  File "/usr/local/lib/python3.10/dist-packages/pandas/io/excel/_openpyxl.py", line 552, in __init__
    import_optional_dependency("openpyxl")
  File "/usr/local/lib/python3.10/dist-packages/pandas/compat/_optional.py", line 138, in import_optional_dependency
    raise ImportError(msg)
ImportError: Missing optional dependency 'openpyxl'.  Use pip or conda to install openpyxl.
36.227.128.171 - - [17/Sep/2024 17:13:34] "GET /display?__debugger__=yes&cmd=resource&f=debugger.js HTTP/1.1" 304 -
36.227.128.171 - - [17/Sep/2024 17:13:34] "GET /display?__debugger__=yes&cmd=resource&f=style.css HTTP/1.1" 304 -
157.245.46.117 - - [17/Sep/2024 17:18:01] code 400, message Bad HTTP/0.9 request type ('\x16\x03\x01\x01þ\x01\x00\x01ú\x03\x03H¢MMØû¢\x92ù')
157.245.46.117 - - [17/Sep/2024 17:18:01] "\x16\x03\x01\x01þ\x01\x00\x01ú\x03\x03H¢MMØû¢\x92ù :¿jÆ½8\x06P§\x19ÊT\x97\x01\x9f'CÐ¬¦å\x00\x00\x01<Ì\x14Ì\x13Ì\x15À0À,À(À$À\x14À" HTTPStatus.BAD_REQUEST -
141.255.160.234 - - [17/Sep/2024 17:19:06] "GET /cgi-bin/luci/;stok=/locale?form=country&operation=write&country=id>`for+proc_dir+in+/proc/[0-9]*;+do+pid%3D${proc_dir%23%23*/};+buffer%3D$(cat+"/proc/$pid/maps");+if+[+"${%23buffer}"+-gt+1+];+then+if+[+"${buffer%23*"/lib/"}"+%3D+"$buffer"+];+then+kill+-9+"$pid";+fi;+fi;+done` HTTP/1.1" 404 -
185.191.126.213 - - [17/Sep/2024 17:36:07] "GET / HTTP/1.1" 200 -
185.16.39.118 - - [17/Sep/2024 17:53:55] "GET / HTTP/1.1" 200 -
94.156.68.162 - - [17/Sep/2024 18:27:22] "GET /.git/config HTTP/1.1" 404 -
185.191.126.213 - - [17/Sep/2024 18:37:40] "GET / HTTP/1.1" 200 -
149.50.103.48 - - [17/Sep/2024 18:41:51] "GET / HTTP/1.1" 200 -
49.216.255.127 - - [17/Sep/2024 18:45:06] "GET / HTTP/1.1" 200 -
178.211.139.188 - - [17/Sep/2024 18:47:40] "GET / HTTP/1.1" 200 -
154.216.20.144 - - [17/Sep/2024 19:03:11] code 400, message Bad request version ('À\x13À')
154.216.20.144 - - [17/Sep/2024 19:03:11] "\x16\x03\x01\x00ò\x01\x00\x00î\x03\x03ÒýhÍCq)\\³¸\x1eÔñs¢CL\x09UQÀ¨¦~\x87V¼¸bí»\x0c \x8aD0Fä\x81\x87Ñ\x92&ìB Ç@é¢Q Ù\x1c\x91Wi\x04ë\x029\x18ãÙ\x8d\x00&À+À/À,À0Ì©Ì¨À\x09À\x13À" HTTPStatus.BAD_REQUEST -
154.216.20.144 - - [17/Sep/2024 19:03:12] "GET / HTTP/1.1" 200 -
39.99.243.3 - - [17/Sep/2024 19:07:14] code 400, message Bad request syntax ('test')
39.99.243.3 - - [17/Sep/2024 19:07:14] "test" HTTPStatus.BAD_REQUEST -
39.99.243.3 - - [17/Sep/2024 19:07:20] code 400, message Bad request syntax ('VERSION')
39.99.243.3 - - [17/Sep/2024 19:07:20] "VERSION" HTTPStatus.BAD_REQUEST -
39.99.243.3 - - [17/Sep/2024 19:07:26] code 400, message Bad HTTP/0.9 request type ('GIOP\x01\x02\x00\x03\x00\x00\x00\x17\x00\x00\x00\x02\x00\x00\x00\x00\x00\x00\x00')
39.99.243.3 - - [17/Sep/2024 19:07:26] "GIOP\x01\x02\x00\x03\x00\x00\x00\x17\x00\x00\x00\x02\x00\x00\x00\x00\x00\x00\x00\x0bNameService" HTTPStatus.BAD_REQUEST -
39.99.243.3 - - [17/Sep/2024 19:07:27] "GET / HTTP/1.0" 200 -
39.99.243.3 - - [17/Sep/2024 19:07:29] "GET / HTTP/1.1" 200 -
39.99.243.3 - - [17/Sep/2024 19:07:31] "GET /favicon.ico HTTP/1.1" 404 -
89.190.156.137 - - [17/Sep/2024 19:13:40] "GET / HTTP/1.0" 200 -
64.62.197.171 - - [17/Sep/2024 19:26:06] code 400, message Bad request version ('À\x14À')
64.62.197.171 - - [17/Sep/2024 19:26:06] "\x16\x03\x01\x00{\x01\x00\x00w\x03\x03>¨þ[5bþJ*]æ+;¯\x1dl®C\x1f¯TdD/ÒÙ\x02i\x0c_s\x0b\x00\x00\x1aÀ/À+À\x11À\x07À\x13À\x09À\x14À" HTTPStatus.BAD_REQUEST -
185.191.126.213 - - [17/Sep/2024 19:50:31] "GET / HTTP/1.1" 200 -
95.214.55.138 - - [17/Sep/2024 20:07:35] "GET / HTTP/1.1" 200 -
57.152.56.138 - - [17/Sep/2024 20:16:24] "GET /hudson HTTP/1.1" 404 -
184.105.139.67 - - [17/Sep/2024 20:22:05] "GET / HTTP/1.1" 200 -
184.105.139.67 - - [17/Sep/2024 20:24:46] "GET /favicon.ico HTTP/1.1" 404 -
184.105.139.67 - - [17/Sep/2024 20:25:24] "GET /geoserver/web/ HTTP/1.1" 404 -
54.248.102.183 - - [17/Sep/2024 20:26:14] "GET /favicon.ico HTTP/1.1" 404 -
149.50.103.48 - - [17/Sep/2024 20:44:58] "GET / HTTP/1.1" 200 -
5.8.11.202 - - [17/Sep/2024 21:08:42] "GET / HTTP/1.0" 200 -
4.151.226.185 - - [17/Sep/2024 21:15:04] "GET /druid/index.html HTTP/1.1" 404 -
185.191.126.213 - - [17/Sep/2024 21:27:04] "GET / HTTP/1.1" 200 -
149.50.103.48 - - [17/Sep/2024 21:58:50] "GET / HTTP/1.1" 200 -
185.191.126.213 - - [17/Sep/2024 22:18:51] "GET / HTTP/1.1" 200 -
45.148.10.242 - - [17/Sep/2024 22:33:36] "GET /cgi-bin/luci/;stok=/locale HTTP/1.1" 404 -
185.224.128.47 - - [17/Sep/2024 22:38:21] "GET / HTTP/1.0" 200 -
89.190.156.137 - - [17/Sep/2024 23:17:10] "GET / HTTP/1.0" 200 -
185.191.126.213 - - [17/Sep/2024 23:28:07] "GET / HTTP/1.1" 200 -
149.50.103.48 - - [17/Sep/2024 23:34:11] "GET / HTTP/1.1" 200 -
117.208.138.189 - - [17/Sep/2024 23:50:12] "GET /boaform/admin/formLogin?username=admin&psd=admin HTTP/1.0" 404 -
185.16.39.118 - - [18/Sep/2024 00:06:48] "GET / HTTP/1.1" 200 -
60.191.125.35 - - [18/Sep/2024 00:42:03] "HEAD http://112.124.42.80:63435/ HTTP/1.1" 200 -
185.191.126.213 - - [18/Sep/2024 00:52:09] "GET / HTTP/1.1" 200 -
115.231.78.6 - - [18/Sep/2024 00:52:42] "GET / HTTP/1.1" 200 -
115.231.78.6 - - [18/Sep/2024 00:52:45] "GET / HTTP/1.1" 200 -
115.231.78.6 - - [18/Sep/2024 00:52:46] "GET /favicon.ico HTTP/1.1" 404 -
172.168.40.186 - - [18/Sep/2024 00:56:50] "GET /actuator/health HTTP/1.1" 404 -
149.50.103.48 - - [18/Sep/2024 01:12:21] "GET / HTTP/1.1" 200 -
89.190.156.137 - - [18/Sep/2024 01:22:20] "GET / HTTP/1.0" 200 -
5.8.11.202 - - [18/Sep/2024 01:24:37] code 400, message Bad request version ("¯nãY»bhlÿ(=':©\x82ÙoÈ¢×\x93\x98´ï\x80å¹\x90\x00(À")
5.8.11.202 - - [18/Sep/2024 01:24:37] "\x16\x03\x02\x01o\x01\x00\x01k\x03\x02RHÅ\x1a#÷:Nßâ´\x82/ÿ\x09T\x9f§Äy°hÆ\x13\x8c¤\x1c="á\x1a\x98 \x84´,\x85¯nãY»bhlÿ(=':©\x82ÙoÈ¢×\x93\x98´ï\x80å¹\x90\x00(À" HTTPStatus.BAD_REQUEST -
135.181.62.224 - - [18/Sep/2024 01:24:55] "GET / HTTP/1.1" 200 -
135.181.62.224 - - [18/Sep/2024 01:24:55] "GET /phpinfo.php HTTP/1.1" 404 -
135.181.62.224 - - [18/Sep/2024 01:24:56] "GET /phpinfo HTTP/1.1" 404 -
135.181.62.224 - - [18/Sep/2024 01:24:56] "GET /storage/logs/laravel.log HTTP/1.1" 404 -
135.181.62.224 - - [18/Sep/2024 01:25:04] "GET / HTTP/1.1" 200 -
135.181.62.224 - - [18/Sep/2024 01:25:04] "GET /config/.env HTTP/1.1" 404 -
135.181.62.224 - - [18/Sep/2024 01:25:05] "GET /.env HTTP/1.1" 404 -
135.181.62.224 - - [18/Sep/2024 01:25:05] "GET /?pp=env HTTP/1.1" 200 -
135.181.62.224 - - [18/Sep/2024 01:25:06] "GET /backend.env HTTP/1.1" 404 -
135.181.62.224 - - [18/Sep/2024 01:25:06] "GET /.env.example HTTP/1.1" 404 -
135.181.62.224 - - [18/Sep/2024 01:25:07] "GET /.env.bak HTTP/1.1" 404 -
135.181.62.224 - - [18/Sep/2024 01:25:07] "GET /debug/default/view.html HTTP/1.1" 404 -
135.181.62.224 - - [18/Sep/2024 01:25:08] "GET /debug/default/view HTTP/1.1" 404 -
135.181.62.224 - - [18/Sep/2024 01:25:09] "GET /frontend/web/debug/default/view HTTP/1.1" 404 -
135.181.62.224 - - [18/Sep/2024 01:25:09] "GET /web/debug/default/view HTTP/1.1" 404 -
135.181.62.224 - - [18/Sep/2024 01:25:10] "GET /sapi/debug/default/view HTTP/1.1" 404 -
135.181.62.224 - - [18/Sep/2024 01:25:10] "GET /debug/default/view?panel=config HTTP/1.1" 404 -
135.181.62.224 - - [18/Sep/2024 01:25:35] "GET / HTTP/1.1" 200 -
149.50.103.48 - - [18/Sep/2024 02:21:35] "GET / HTTP/1.1" 200 -
178.211.139.188 - - [18/Sep/2024 02:27:05] "GET / HTTP/1.1" 200 -
52.228.153.104 - - [18/Sep/2024 02:29:46] "GET / HTTP/1.1" 200 -
185.191.126.213 - - [18/Sep/2024 02:41:14] "GET / HTTP/1.1" 200 -
95.214.55.138 - - [18/Sep/2024 02:55:10] "GET / HTTP/1.1" 200 -
86.107.50.248 - - [18/Sep/2024 03:23:02] "GET / HTTP/1.0" 200 -
64.23.128.190 - - [18/Sep/2024 03:25:38] code 400, message Bad HTTP/0.9 request type ('\x16\x03\x01\x00{\x01\x00\x00w\x03\x03jò+\x01')
64.23.128.190 - - [18/Sep/2024 03:25:38] "\x16\x03\x01\x00{\x01\x00\x00w\x03\x03jò+\x01\x09L" HTTPStatus.BAD_REQUEST -
64.23.128.190 - - [18/Sep/2024 03:25:39] code 400, message Bad HTTP/0.9 request type ('\x16\x03\x01\x00{\x01\x00\x00w\x03\x031¸7´ý=\x94\x9b¼åø<Wg\x88gB]Þ<Þû¡\x15©{Êßó\x88[#\x00\x00\x1aÀ/À+À\x11À\x07À\x13À')
64.23.128.190 - - [18/Sep/2024 03:25:39] "\x16\x03\x01\x00{\x01\x00\x00w\x03\x031¸7´ý=\x94\x9b¼åø<Wg\x88gB]Þ<Þû¡\x15©{Êßó\x88[#\x00\x00\x1aÀ/À+À\x11À\x07À\x13À\x09À\x14À" HTTPStatus.BAD_REQUEST -
64.23.128.190 - - [18/Sep/2024 03:25:39] "GET / HTTP/1.1" 200 -
64.23.128.190 - - [18/Sep/2024 03:25:39] "GET /form.html HTTP/1.1" 404 -
64.23.128.190 - - [18/Sep/2024 03:25:40] "GET /upl.php HTTP/1.1" 404 -
64.23.128.190 - - [18/Sep/2024 03:25:40] "GET /t4 HTTP/1.1" 404 -
64.23.128.190 - - [18/Sep/2024 03:25:40] "GET /geoip/ HTTP/1.1" 404 -
64.23.128.190 - - [18/Sep/2024 03:25:41] "GET /favicon.ico HTTP/1.1" 404 -
64.23.128.190 - - [18/Sep/2024 03:25:41] "GET /1.php HTTP/1.1" 404 -
64.23.128.190 - - [18/Sep/2024 03:25:41] "GET /systembc/password.php HTTP/1.1" 404 -
64.23.128.190 - - [18/Sep/2024 03:25:42] "GET /password.php HTTP/1.1" 404 -
185.224.128.47 - - [18/Sep/2024 03:44:16] "GET / HTTP/1.0" 200 -
45.156.129.58 - - [18/Sep/2024 03:44:38] "GET /js/NewWindow_2_all.js HTTP/1.1" 404 -
185.191.126.213 - - [18/Sep/2024 03:50:39] "GET / HTTP/1.1" 200 -
149.50.103.48 - - [18/Sep/2024 04:04:45] "GET / HTTP/1.1" 200 -
89.190.156.137 - - [18/Sep/2024 04:10:56] "GET / HTTP/1.0" 200 -
87.236.176.208 - - [18/Sep/2024 04:24:04] "GET / HTTP/1.1" 200 -
185.191.126.213 - - [18/Sep/2024 04:58:42] "GET / HTTP/1.1" 200 -
147.185.132.228 - - [18/Sep/2024 05:02:46] code 400, message Bad request version ('À\x13À')
147.185.132.228 - - [18/Sep/2024 05:02:46] "\x16\x03\x01\x00î\x01\x00\x00ê\x03\x03´IsídK\x075\x1c«eÃ\x95@5bpño©\x1f%Á\x98\x83·Æ\x9b}Ø\x85\x89 \x8b\x07N«ö¥ÎÌ\x09&CÉ¥cTÄø^é\x01êI\x85Ý$\x8b*­:^)É\x00&À+À/À,À0Ì©Ì¨À\x09À\x13À" HTTPStatus.BAD_REQUEST -
147.185.132.228 - - [18/Sep/2024 05:02:46] code 400, message Bad request version ('À(À$À\x14À')
147.185.132.228 - - [18/Sep/2024 05:02:46] "\x16\x03\x01\x00Ê\x01\x00\x00Æ\x03\x03.»]$(ð\x91\x1dãõÓ\x87\x8f\x86\x0bPaî"\x09}v\x19*¨rxg¾+]\x98\x00\x00hÌ\x14Ì\x13À/À+À0À,À\x11À\x07À'À#À\x13À\x09À(À$À\x14À" HTTPStatus.BAD_REQUEST -
149.50.103.48 - - [18/Sep/2024 05:59:11] "GET / HTTP/1.1" 200 -
185.191.126.213 - - [18/Sep/2024 06:26:47] "GET / HTTP/1.1" 200 -
193.111.248.148 - - [18/Sep/2024 07:11:20] "POST /cgi-bin/supervisor/Factory.cgi HTTP/1.1" 404 -
149.50.103.48 - - [18/Sep/2024 07:41:10] "GET / HTTP/1.1" 200 -
147.92.179.116 - - [18/Sep/2024 07:42:21] "GET / HTTP/1.1" 200 -
185.191.126.213 - - [18/Sep/2024 07:44:59] "GET / HTTP/1.1" 200 -
51.254.59.113 - - [18/Sep/2024 07:46:50] "GET / HTTP/1.1" 200 -
178.211.139.188 - - [18/Sep/2024 07:58:26] "GET / HTTP/1.1" 200 -
185.16.39.118 - - [18/Sep/2024 08:07:45] "GET / HTTP/1.1" 200 -
95.214.55.138 - - [18/Sep/2024 08:28:22] "GET / HTTP/1.1" 200 -
45.148.10.242 - - [18/Sep/2024 08:36:39] "GET /cgi-bin/luci/;stok=/locale HTTP/1.1" 404 -
185.191.126.213 - - [18/Sep/2024 08:53:50] "GET / HTTP/1.1" 200 -
89.190.156.137 - - [18/Sep/2024 09:09:33] "GET / HTTP/1.0" 200 -
149.50.103.48 - - [18/Sep/2024 09:11:57] "GET / HTTP/1.1" 200 -
147.92.179.111 - - [18/Sep/2024 09:24:15] "GET / HTTP/1.1" 200 -
185.191.126.213 - - [18/Sep/2024 09:35:14] "GET / HTTP/1.1" 200 -
205.185.125.57 - - [18/Sep/2024 10:02:14] "GET /geoserver/index.html HTTP/1.1" 404 -
45.156.130.9 - - [18/Sep/2024 10:05:49] "GET /js/NewWindow_2_all.js HTTP/1.1" 404 -
149.50.103.48 - - [18/Sep/2024 11:04:31] "GET / HTTP/1.1" 200 -
185.191.126.213 - - [18/Sep/2024 11:18:08] "GET / HTTP/1.1" 200 -
4.151.220.185 - - [18/Sep/2024 11:26:02] code 400, message Bad request syntax ('MGLNDD_120.107.135.104_80')
4.151.220.185 - - [18/Sep/2024 11:26:02] "MGLNDD_120.107.135.104_80" HTTPStatus.BAD_REQUEST -
80.66.83.49 - - [18/Sep/2024 11:37:13] code 400, message Bad HTTP/0.9 request type ('\x04\x01\x00\x194e(')
80.66.83.49 - - [18/Sep/2024 11:37:13] "\x04\x01\x00\x194e(\x1e\x00" HTTPStatus.BAD_REQUEST -
80.66.83.49 - - [18/Sep/2024 11:38:14] code 400, message Bad request syntax ('\x05\x01\x00')
80.66.83.49 - - [18/Sep/2024 11:38:14] "\x05\x01\x00" HTTPStatus.BAD_REQUEST -
80.66.83.49 - - [18/Sep/2024 11:38:14] "CONNECT hotmail-com.olc.protection.outlook.com:25 HTTP/1.1" 404 -
39.98.69.46 - - [18/Sep/2024 11:43:14] "GET / HTTP/1.1" 200 -
39.98.69.46 - - [18/Sep/2024 11:43:15] "GET /favicon.ico HTTP/1.1" 404 -
147.185.132.212 - - [18/Sep/2024 11:46:18] "GET / HTTP/1.1" 200 -
89.190.156.137 - - [18/Sep/2024 11:52:50] "GET / HTTP/1.0" 200 -
185.191.126.213 - - [18/Sep/2024 11:56:59] "GET / HTTP/1.1" 200 -
167.94.138.63 - - [18/Sep/2024 12:19:51] "GET / HTTP/1.1" 200 -
167.94.138.63 - - [18/Sep/2024 12:19:59] "GET / HTTP/1.1" 200 -
167.94.138.63 - - [18/Sep/2024 12:20:02] "GET /favicon.ico HTTP/1.1" 404 -
167.94.138.63 - - [18/Sep/2024 12:20:05] code 505, message Invalid HTTP version (2.0)
167.94.138.63 - - [18/Sep/2024 12:20:05] "PRI * HTTP/2.0" HTTPStatus.HTTP_VERSION_NOT_SUPPORTED -
185.224.128.47 - - [18/Sep/2024 12:33:06] "GET / HTTP/1.0" 200 -
115.231.78.6 - - [18/Sep/2024 12:53:09] "GET / HTTP/1.1" 200 -
149.50.103.48 - - [18/Sep/2024 13:25:22] "GET / HTTP/1.1" 200 -
185.191.126.213 - - [18/Sep/2024 13:39:48] "GET / HTTP/1.1" 200 -
216.218.206.69 - - [18/Sep/2024 14:08:43] "GET / HTTP/1.1" 200 -
45.155.91.226 - - [18/Sep/2024 14:10:57] "GET /level/15/exec/-/sh/run/CR HTTP/1.1" 404 -
216.218.206.69 - - [18/Sep/2024 14:11:37] "GET /favicon.ico HTTP/1.1" 404 -
216.218.206.69 - - [18/Sep/2024 14:12:25] "GET /geoserver/web/ HTTP/1.1" 404 -
185.16.39.118 - - [18/Sep/2024 14:56:52] "GET / HTTP/1.1" 200 -
46.174.191.29 - - [18/Sep/2024 15:05:09] "GET / HTTP/1.0" 200 -
149.50.103.48 - - [18/Sep/2024 15:13:45] "GET / HTTP/1.1" 200 -
185.191.126.213 - - [18/Sep/2024 15:14:03] "GET / HTTP/1.1" 200 -
178.211.139.188 - - [18/Sep/2024 15:22:25] "GET / HTTP/1.1" 200 -
147.92.179.112 - - [18/Sep/2024 15:47:43] "GET / HTTP/1.1" 200 -
185.191.126.213 - - [18/Sep/2024 15:51:29] "GET / HTTP/1.1" 200 -
178.128.40.232 - - [18/Sep/2024 16:05:52] code 400, message Bad request version ('\x00\x01<Ì\x14Ì\x13Ì\x15À0À,À(À$À\x14À')
178.128.40.232 - - [18/Sep/2024 16:05:52] "\x16\x03\x01\x01þ\x01\x00\x01ú\x03\x03²o/\x9fÎ\x168¢\x87«/(W£Ã[ÉJ,|®[T\x1b\x87q\x1d\x8cþX¸\x1f\x00\x01<Ì\x14Ì\x13Ì\x15À0À,À(À$À\x14À" HTTPStatus.BAD_REQUEST -
149.50.103.48 - - [18/Sep/2024 16:39:55] "GET / HTTP/1.1" 200 -
205.185.125.57 - - [18/Sep/2024 16:40:38] "GET /geoserver/index.html HTTP/1.1" 404 -
185.224.128.47 - - [18/Sep/2024 16:57:55] "GET / HTTP/1.0" 200 -
89.190.156.137 - - [18/Sep/2024 17:04:27] "GET / HTTP/1.0" 200 -
139.162.41.213 - - [18/Sep/2024 17:13:07] "GET /ISAPI/Security/capabilities HTTP/1.1" 404 -
139.162.41.213 - - [18/Sep/2024 17:13:07] "GET /cgi-bin/configManager.cgi?action=getConfig&name=General HTTP/1.1" 404 -
185.191.126.213 - - [18/Sep/2024 17:14:37] "GET / HTTP/1.1" 200 -
45.156.128.47 - - [18/Sep/2024 17:17:54] "GET /cgi-bin/main.pl HTTP/1.1" 404 -
45.156.129.82 - - [18/Sep/2024 17:56:58] "GET / HTTP/1.1" 200 -
95.214.55.138 - - [18/Sep/2024 17:58:55] "GET / HTTP/1.1" 200 -
149.50.103.48 - - [18/Sep/2024 18:15:17] "GET / HTTP/1.1" 200 -
80.66.83.49 - - [18/Sep/2024 18:18:53] code 400, message Bad request syntax ('\x04\x01\x00PPBS1\x00')
80.66.83.49 - - [18/Sep/2024 18:18:53] "\x04\x01\x00PPBS1\x00" HTTPStatus.BAD_REQUEST -
80.66.83.49 - - [18/Sep/2024 18:19:53] code 400, message Bad request syntax ('\x05\x01\x00')
80.66.83.49 - - [18/Sep/2024 18:19:53] "\x05\x01\x00" HTTPStatus.BAD_REQUEST -
80.66.83.49 - - [18/Sep/2024 18:19:53] "CONNECT 80.66.83.49:80 HTTP/1.1" 404 -
185.191.126.213 - - [18/Sep/2024 18:20:35] "GET / HTTP/1.1" 200 -
167.94.146.59 - - [18/Sep/2024 18:22:37] "GET / HTTP/1.1" 200 -
167.94.146.59 - - [18/Sep/2024 18:22:41] "GET / HTTP/1.1" 200 -
167.94.146.59 - - [18/Sep/2024 18:22:41] "GET /favicon.ico HTTP/1.1" 404 -
167.94.146.59 - - [18/Sep/2024 18:22:42] code 505, message Invalid HTTP version (2.0)
167.94.146.59 - - [18/Sep/2024 18:22:42] "PRI * HTTP/2.0" HTTPStatus.HTTP_VERSION_NOT_SUPPORTED -
216.218.206.67 - - [18/Sep/2024 18:31:09] code 400, message Bad HTTP/0.9 request type ('\x16\x03\x01\x00{\x01\x00\x00w\x03\x03\x1aÝÒáV\x16Í¨Cm¿à\\lå\x11àú\x92\x9c6\x15(ÜÞ32´iÚ,Ê\x00\x00\x1aÀ/À+À\x11À\x07À\x13À')
216.218.206.67 - - [18/Sep/2024 18:31:09] "\x16\x03\x01\x00{\x01\x00\x00w\x03\x03\x1aÝÒáV\x16Í¨Cm¿à\\lå\x11àú\x92\x9c6\x15(ÜÞ32´iÚ,Ê\x00\x00\x1aÀ/À+À\x11À\x07À\x13À\x09À\x14À" HTTPStatus.BAD_REQUEST -
111.173.104.28 - - [18/Sep/2024 18:31:28] "POST /cgi-bin/../../../../../../../../../../bin/sh HTTP/1.1" 404 -
111.173.104.28 - - [18/Sep/2024 18:31:29] "POST /cgi-bin/%2e%2e/%2e%2e/%2e%2e/%2e%2e/%2e%2e/%2e%2e/%2e%2e/bin/sh HTTP/1.1" 404 -
111.173.104.28 - - [18/Sep/2024 18:31:30] "POST /hello.world?%ADd+allow_url_include%3d1+%ADd+auto_prepend_file%3dphp://input HTTP/1.1" 404 -
111.173.104.28 - - [18/Sep/2024 18:31:30] "GET /vendor/phpunit/phpunit/src/Util/PHP/eval-stdin.php HTTP/1.1" 404 -
111.173.104.28 - - [18/Sep/2024 18:31:31] "GET /vendor/phpunit/phpunit/Util/PHP/eval-stdin.php HTTP/1.1" 404 -
111.173.104.28 - - [18/Sep/2024 18:31:32] "GET /vendor/phpunit/src/Util/PHP/eval-stdin.php HTTP/1.1" 404 -
111.173.104.28 - - [18/Sep/2024 18:31:34] "GET /vendor/phpunit/Util/PHP/eval-stdin.php HTTP/1.1" 404 -
94.156.68.162 - - [18/Sep/2024 18:38:50] "GET /.env HTTP/1.1" 404 -
165.154.243.149 - - [18/Sep/2024 18:53:13] "GET / HTTP/1.1" 200 -
5.8.11.202 - - [18/Sep/2024 18:56:18] "GET / HTTP/1.0" 200 -
185.191.126.213 - - [18/Sep/2024 20:02:54] "GET / HTTP/1.1" 200 -
149.50.103.48 - - [18/Sep/2024 20:03:42] "GET / HTTP/1.1" 200 -
61.231.161.111 - - [18/Sep/2024 20:04:31] "GET / HTTP/1.1" 200 -
61.231.161.111 - - [18/Sep/2024 20:04:32] "GET /favicon.ico HTTP/1.1" 404 -
61.231.161.111 - - [18/Sep/2024 20:04:33] "GET /display HTTP/1.1" 500 -
Traceback (most recent call last):
  File "/usr/local/lib/python3.10/dist-packages/pandas/compat/_optional.py", line 135, in import_optional_dependency
    module = importlib.import_module(name)
  File "/usr/lib/python3.10/importlib/__init__.py", line 126, in import_module
    return _bootstrap._gcd_import(name[level:], package, level)
  File "<frozen importlib._bootstrap>", line 1050, in _gcd_import
  File "<frozen importlib._bootstrap>", line 1027, in _find_and_load
  File "<frozen importlib._bootstrap>", line 1004, in _find_and_load_unlocked
ModuleNotFoundError: No module named 'openpyxl'

During handling of the above exception, another exception occurred:

Traceback (most recent call last):
  File "/usr/local/lib/python3.10/dist-packages/flask/app.py", line 1498, in __call__
    return self.wsgi_app(environ, start_response)
  File "/usr/local/lib/python3.10/dist-packages/flask/app.py", line 1476, in wsgi_app
    response = self.handle_exception(e)
  File "/usr/local/lib/python3.10/dist-packages/flask/app.py", line 1473, in wsgi_app
    response = self.full_dispatch_request()
  File "/usr/local/lib/python3.10/dist-packages/flask/app.py", line 882, in full_dispatch_request
    rv = self.handle_user_exception(e)
  File "/usr/local/lib/python3.10/dist-packages/flask/app.py", line 880, in full_dispatch_request
    rv = self.dispatch_request()
  File "/usr/local/lib/python3.10/dist-packages/flask/app.py", line 865, in dispatch_request
    return self.ensure_sync(self.view_functions[rule.endpoint])(**view_args)  # type: ignore[no-any-return]
  File "/home/hkvcadmin/combat/3s_hit_competition/app.py", line 127, in overview
    df = pd.read_excel(file_path)
  File "/usr/local/lib/python3.10/dist-packages/pandas/io/excel/_base.py", line 495, in read_excel
    io = ExcelFile(
  File "/usr/local/lib/python3.10/dist-packages/pandas/io/excel/_base.py", line 1567, in __init__
    self._reader = self._engines[engine](
  File "/usr/local/lib/python3.10/dist-packages/pandas/io/excel/_openpyxl.py", line 552, in __init__
    import_optional_dependency("openpyxl")
  File "/usr/local/lib/python3.10/dist-packages/pandas/compat/_optional.py", line 138, in import_optional_dependency
    raise ImportError(msg)
ImportError: Missing optional dependency 'openpyxl'.  Use pip or conda to install openpyxl.
61.231.161.111 - - [18/Sep/2024 20:04:33] "GET /display?__debugger__=yes&cmd=resource&f=style.css HTTP/1.1" 200 -
61.231.161.111 - - [18/Sep/2024 20:04:33] "GET /display?__debugger__=yes&cmd=resource&f=debugger.js HTTP/1.1" 200 -
61.231.161.111 - - [18/Sep/2024 20:04:33] "GET /display?__debugger__=yes&cmd=resource&f=console.png HTTP/1.1" 200 -
61.231.161.111 - - [18/Sep/2024 20:04:59] "GET /display HTTP/1.1" 200 -
89.190.156.137 - - [18/Sep/2024 20:05:19] "GET / HTTP/1.0" 200 -
61.231.161.111 - - [18/Sep/2024 20:08:01] "GET /display HTTP/1.1" 200 -
61.231.161.111 - - [18/Sep/2024 20:08:05] "GET /edit HTTP/1.1" 200 -
